{"/home/qtekfun/repos/habitflow/frontend/src/components/auth/TOTPSetup.tsx": {"path":"/home/qtekfun/repos/habitflow/frontend/src/components/auth/TOTPSetup.tsx","statementMap":{"0":{"start":{"line":15,"column":20},"end":{"line":15,"column":72}},"1":{"start":{"line":16,"column":15},"end":{"line":16,"column":38}},"2":{"start":{"line":17,"column":16},"end":{"line":17,"column":57}},"3":{"start":{"line":18,"column":18},"end":{"line":18,"column":47}},"4":{"start":{"line":21,"column":4},"end":{"line":21,"column":null}},"5":{"start":{"line":22,"column":4},"end":{"line":22,"column":null}},"6":{"start":{"line":23,"column":4},"end":{"line":29,"column":null}},"7":{"start":{"line":24,"column":23},"end":{"line":24,"column":79}},"8":{"start":{"line":25,"column":6},"end":{"line":25,"column":null}},"9":{"start":{"line":27,"column":6},"end":{"line":27,"column":null}},"10":{"start":{"line":29,"column":6},"end":{"line":29,"column":null}},"11":{"start":{"line":34,"column":4},"end":{"line":34,"column":null}},"12":{"start":{"line":35,"column":4},"end":{"line":35,"column":null}},"13":{"start":{"line":36,"column":4},"end":{"line":42,"column":null}},"14":{"start":{"line":37,"column":6},"end":{"line":37,"column":null}},"15":{"start":{"line":38,"column":6},"end":{"line":38,"column":null}},"16":{"start":{"line":40,"column":6},"end":{"line":40,"column":null}},"17":{"start":{"line":42,"column":6},"end":{"line":42,"column":null}},"18":{"start":{"line":46,"column":2},"end":{"line":55,"column":null}},"19":{"start":{"line":47,"column":4},"end":{"line":55,"column":null}},"20":{"start":{"line":59,"column":2},"end":{"line":106,"column":null}},"21":{"start":{"line":88,"column":27},"end":{"line":88,"column":50}}},"fnMap":{"0":{"name":"TOTPSetup","decl":{"start":{"line":14,"column":16},"end":{"line":14,"column":26}},"loc":{"start":{"line":14,"column":58},"end":{"line":106,"column":null}},"line":14},"1":{"name":"handleSetup","decl":{"start":{"line":20,"column":17},"end":{"line":20,"column":31}},"loc":{"start":{"line":20,"column":31},"end":{"line":29,"column":null}},"line":20},"2":{"name":"handleVerify","decl":{"start":{"line":33,"column":17},"end":{"line":33,"column":32}},"loc":{"start":{"line":33,"column":32},"end":{"line":42,"column":null}},"line":33},"3":{"name":"(anonymous_3)","decl":{"start":{"line":88,"column":10},"end":{"line":88,"column":21}},"loc":{"start":{"line":88,"column":27},"end":{"line":88,"column":50}},"line":88}},"branchMap":{"0":{"loc":{"start":{"line":46,"column":2},"end":{"line":55,"column":null}},"type":"if","locations":[{"start":{"line":46,"column":2},"end":{"line":55,"column":null}},{"start":{},"end":{}}],"line":46},"1":{"loc":{"start":{"line":93,"column":7},"end":{"line":96,"column":null}},"type":"binary-expr","locations":[{"start":{"line":93,"column":7},"end":{"line":93,"column":null}},{"start":{"line":94,"column":8},"end":{"line":96,"column":null}}],"line":93},"2":{"loc":{"start":{"line":102,"column":18},"end":{"line":102,"column":null}},"type":"binary-expr","locations":[{"start":{"line":102,"column":18},"end":{"line":102,"column":29}},{"start":{"line":102,"column":29},"end":{"line":102,"column":null}}],"line":102}},"s":{"0":29,"1":29,"2":29,"3":29,"4":4,"5":4,"6":4,"7":4,"8":4,"9":0,"10":4,"11":2,"12":2,"13":2,"14":2,"15":1,"16":1,"17":2,"18":29,"19":9,"20":20,"21":12},"f":{"0":29,"1":4,"2":2,"3":12},"b":{"0":[9,20],"1":[20,1],"2":[29,18]},"meta":{"lastBranch":3,"lastFunction":4,"lastStatement":22,"seen":{"f:14:16:14:26":0,"s:15:20:15:72":0,"s:16:15:16:38":1,"s:17:16:17:57":2,"s:18:18:18:47":3,"f:20:17:20:31":1,"s:21:4:21:Infinity":4,"s:22:4:22:Infinity":5,"s:23:4:29:Infinity":6,"s:24:23:24:79":7,"s:25:6:25:Infinity":8,"s:27:6:27:Infinity":9,"s:29:6:29:Infinity":10,"f:33:17:33:32":2,"s:34:4:34:Infinity":11,"s:35:4:35:Infinity":12,"s:36:4:42:Infinity":13,"s:37:6:37:Infinity":14,"s:38:6:38:Infinity":15,"s:40:6:40:Infinity":16,"s:42:6:42:Infinity":17,"b:46:2:55:Infinity:undefined:undefined:undefined:undefined":0,"s:46:2:55:Infinity":18,"s:47:4:55:Infinity":19,"s:59:2:106:Infinity":20,"f:88:10:88:21":3,"s:88:27:88:50":21,"b:93:7:93:Infinity:94:8:96:Infinity":1,"b:102:18:102:29:102:29:102:Infinity":2}}}
,"/home/qtekfun/repos/habitflow/frontend/src/components/habits/HabitCard.tsx": {"path":"/home/qtekfun/repos/habitflow/frontend/src/components/habits/HabitCard.tsx","statementMap":{"0":{"start":{"line":13,"column":2},"end":{"line":40,"column":null}},"1":{"start":{"line":28,"column":25},"end":{"line":28,"column":47}},"2":{"start":{"line":36,"column":25},"end":{"line":36,"column":51}}},"fnMap":{"0":{"name":"HabitCard","decl":{"start":{"line":12,"column":16},"end":{"line":12,"column":26}},"loc":{"start":{"line":12,"column":81},"end":{"line":40,"column":null}},"line":12},"1":{"name":"(anonymous_1)","decl":{"start":{"line":28,"column":10},"end":{"line":28,"column":25}},"loc":{"start":{"line":28,"column":25},"end":{"line":28,"column":47}},"line":28},"2":{"name":"(anonymous_2)","decl":{"start":{"line":36,"column":10},"end":{"line":36,"column":25}},"loc":{"start":{"line":36,"column":25},"end":{"line":36,"column":51}},"line":36}},"branchMap":{"0":{"loc":{"start":{"line":17,"column":8},"end":{"line":17,"column":null}},"type":"cond-expr","locations":[{"start":{"line":17,"column":27},"end":{"line":17,"column":60}},{"start":{"line":17,"column":60},"end":{"line":17,"column":null}}],"line":17},"1":{"loc":{"start":{"line":25,"column":7},"end":{"line":40,"column":null}},"type":"cond-expr","locations":[{"start":{"line":26,"column":8},"end":{"line":34,"column":9}},{"start":{"line":34,"column":8},"end":{"line":40,"column":null}}],"line":25}},"s":{"0":7,"1":1,"2":1},"f":{"0":7,"1":1,"2":1},"b":{"0":[2,5],"1":[2,5]},"meta":{"lastBranch":2,"lastFunction":3,"lastStatement":3,"seen":{"f:12:16:12:26":0,"s:13:2:40:Infinity":0,"b:17:27:17:60:17:60:17:Infinity":0,"b:26:8:34:9:34:8:40:Infinity":1,"f:28:10:28:25":1,"s:28:25:28:47":1,"f:36:10:36:25":2,"s:36:25:36:51":2}}}
,"/home/qtekfun/repos/habitflow/frontend/src/components/habits/StreakBadge.tsx": {"path":"/home/qtekfun/repos/habitflow/frontend/src/components/habits/StreakBadge.tsx","statementMap":{"0":{"start":{"line":8,"column":8},"end":{"line":8,"column":36}},"1":{"start":{"line":9,"column":2},"end":{"line":9,"column":null}},"2":{"start":{"line":9,"column":14},"end":{"line":9,"column":null}},"3":{"start":{"line":10,"column":2},"end":{"line":16,"column":null}}},"fnMap":{"0":{"name":"StreakBadge","decl":{"start":{"line":7,"column":16},"end":{"line":7,"column":28}},"loc":{"start":{"line":7,"column":58},"end":{"line":16,"column":null}},"line":7}},"branchMap":{"0":{"loc":{"start":{"line":9,"column":2},"end":{"line":9,"column":null}},"type":"if","locations":[{"start":{"line":9,"column":2},"end":{"line":9,"column":null}},{"start":{},"end":{}}],"line":9}},"s":{"0":11,"1":11,"2":4,"3":7},"f":{"0":11},"b":{"0":[4,7]},"meta":{"lastBranch":1,"lastFunction":1,"lastStatement":4,"seen":{"f:7:16:7:28":0,"s:8:8:8:36":0,"b:9:2:9:Infinity:undefined:undefined:undefined:undefined":0,"s:9:2:9:Infinity":1,"s:9:14:9:Infinity":2,"s:10:2:16:Infinity":3}}}
,"/home/qtekfun/repos/habitflow/frontend/src/hooks/useHabits.ts": {"path":"/home/qtekfun/repos/habitflow/frontend/src/hooks/useHabits.ts","statementMap":{"0":{"start":{"line":5,"column":19},"end":{"line":5,"column":29}},"1":{"start":{"line":8,"column":2},"end":{"line":14,"column":null}},"2":{"start":{"line":11,"column":23},"end":{"line":11,"column":63}},"3":{"start":{"line":12,"column":6},"end":{"line":12,"column":null}},"4":{"start":{"line":18,"column":2},"end":{"line":25,"column":null}},"5":{"start":{"line":21,"column":23},"end":{"line":21,"column":67}},"6":{"start":{"line":22,"column":6},"end":{"line":22,"column":null}},"7":{"start":{"line":29,"column":8},"end":{"line":29,"column":38}},"8":{"start":{"line":30,"column":2},"end":{"line":36,"column":null}},"9":{"start":{"line":32,"column":23},"end":{"line":32,"column":71}},"10":{"start":{"line":33,"column":6},"end":{"line":33,"column":null}},"11":{"start":{"line":35,"column":21},"end":{"line":35,"column":null}},"12":{"start":{"line":40,"column":8},"end":{"line":40,"column":38}},"13":{"start":{"line":41,"column":2},"end":{"line":47,"column":null}},"14":{"start":{"line":43,"column":23},"end":{"line":43,"column":78}},"15":{"start":{"line":44,"column":6},"end":{"line":44,"column":null}},"16":{"start":{"line":46,"column":21},"end":{"line":46,"column":null}},"17":{"start":{"line":51,"column":8},"end":{"line":51,"column":38}},"18":{"start":{"line":52,"column":2},"end":{"line":57,"column":null}},"19":{"start":{"line":54,"column":6},"end":{"line":54,"column":null}},"20":{"start":{"line":56,"column":21},"end":{"line":56,"column":null}}},"fnMap":{"0":{"name":"useHabits","decl":{"start":{"line":7,"column":16},"end":{"line":7,"column":28}},"loc":{"start":{"line":7,"column":28},"end":{"line":14,"column":null}},"line":7},"1":{"name":"(anonymous_1)","decl":{"start":{"line":10,"column":13},"end":{"line":10,"column":25}},"loc":{"start":{"line":10,"column":25},"end":{"line":12,"column":null}},"line":10},"2":{"name":"useHabit","decl":{"start":{"line":17,"column":16},"end":{"line":17,"column":25}},"loc":{"start":{"line":17,"column":37},"end":{"line":25,"column":null}},"line":17},"3":{"name":"(anonymous_3)","decl":{"start":{"line":20,"column":13},"end":{"line":20,"column":25}},"loc":{"start":{"line":20,"column":25},"end":{"line":22,"column":null}},"line":20},"4":{"name":"useCreateHabit","decl":{"start":{"line":28,"column":16},"end":{"line":28,"column":33}},"loc":{"start":{"line":28,"column":33},"end":{"line":36,"column":null}},"line":28},"5":{"name":"(anonymous_5)","decl":{"start":{"line":31,"column":16},"end":{"line":31,"column":23}},"loc":{"start":{"line":31,"column":42},"end":{"line":33,"column":null}},"line":31},"6":{"name":"(anonymous_6)","decl":{"start":{"line":35,"column":4},"end":{"line":35,"column":21}},"loc":{"start":{"line":35,"column":21},"end":{"line":35,"column":null}},"line":35},"7":{"name":"useUpdateHabit","decl":{"start":{"line":39,"column":16},"end":{"line":39,"column":33}},"loc":{"start":{"line":39,"column":33},"end":{"line":47,"column":null}},"line":39},"8":{"name":"(anonymous_8)","decl":{"start":{"line":42,"column":16},"end":{"line":42,"column":23}},"loc":{"start":{"line":42,"column":84},"end":{"line":44,"column":null}},"line":42},"9":{"name":"(anonymous_9)","decl":{"start":{"line":46,"column":4},"end":{"line":46,"column":21}},"loc":{"start":{"line":46,"column":21},"end":{"line":46,"column":null}},"line":46},"10":{"name":"useDeleteHabit","decl":{"start":{"line":50,"column":16},"end":{"line":50,"column":33}},"loc":{"start":{"line":50,"column":33},"end":{"line":57,"column":null}},"line":50},"11":{"name":"(anonymous_11)","decl":{"start":{"line":53,"column":16},"end":{"line":53,"column":23}},"loc":{"start":{"line":53,"column":38},"end":{"line":54,"column":null}},"line":53},"12":{"name":"(anonymous_12)","decl":{"start":{"line":56,"column":4},"end":{"line":56,"column":21}},"loc":{"start":{"line":56,"column":21},"end":{"line":56,"column":null}},"line":56}},"branchMap":{},"s":{"0":1,"1":2,"2":1,"3":1,"4":4,"5":2,"6":1,"7":2,"8":2,"9":1,"10":1,"11":1,"12":2,"13":2,"14":1,"15":1,"16":1,"17":2,"18":2,"19":1,"20":1},"f":{"0":2,"1":1,"2":4,"3":2,"4":2,"5":1,"6":1,"7":2,"8":1,"9":1,"10":2,"11":1,"12":1},"b":{},"meta":{"lastBranch":0,"lastFunction":13,"lastStatement":21,"seen":{"s:5:19:5:29":0,"f:7:16:7:28":0,"s:8:2:14:Infinity":1,"f:10:13:10:25":1,"s:11:23:11:63":2,"s:12:6:12:Infinity":3,"f:17:16:17:25":2,"s:18:2:25:Infinity":4,"f:20:13:20:25":3,"s:21:23:21:67":5,"s:22:6:22:Infinity":6,"f:28:16:28:33":4,"s:29:8:29:38":7,"s:30:2:36:Infinity":8,"f:31:16:31:23":5,"s:32:23:32:71":9,"s:33:6:33:Infinity":10,"f:35:4:35:21":6,"s:35:21:35:Infinity":11,"f:39:16:39:33":7,"s:40:8:40:38":12,"s:41:2:47:Infinity":13,"f:42:16:42:23":8,"s:43:23:43:78":14,"s:44:6:44:Infinity":15,"f:46:4:46:21":9,"s:46:21:46:Infinity":16,"f:50:16:50:33":10,"s:51:8:51:38":17,"s:52:2:57:Infinity":18,"f:53:16:53:23":11,"s:54:6:54:Infinity":19,"f:56:4:56:21":12,"s:56:21:56:Infinity":20}}}
,"/home/qtekfun/repos/habitflow/frontend/src/lib/api.ts": {"path":"/home/qtekfun/repos/habitflow/frontend/src/lib/api.ts","statementMap":{"0":{"start":{"line":3,"column":12},"end":{"line":6,"column":null}},"1":{"start":{"line":9,"column":0},"end":{"line":26,"column":null}},"2":{"start":{"line":10,"column":16},"end":{"line":10,"column":null}},"3":{"start":{"line":12,"column":21},"end":{"line":12,"column":null}},"4":{"start":{"line":13,"column":4},"end":{"line":20,"column":null}},"5":{"start":{"line":14,"column":6},"end":{"line":14,"column":null}},"6":{"start":{"line":15,"column":6},"end":{"line":20,"column":null}},"7":{"start":{"line":16,"column":25},"end":{"line":16,"column":88}},"8":{"start":{"line":17,"column":8},"end":{"line":17,"column":null}},"9":{"start":{"line":18,"column":8},"end":{"line":18,"column":null}},"10":{"start":{"line":19,"column":8},"end":{"line":19,"column":null}},"11":{"start":{"line":24,"column":4},"end":{"line":24,"column":null}}},"fnMap":{"0":{"name":"(anonymous_0)","decl":{"start":{"line":9,"column":26},"end":{"line":9,"column":null}},"loc":{"start":{"line":10,"column":16},"end":{"line":10,"column":null}},"line":10},"1":{"name":"(anonymous_1)","decl":{"start":{"line":11,"column":2},"end":{"line":11,"column":9}},"loc":{"start":{"line":11,"column":19},"end":{"line":26,"column":null}},"line":11}},"branchMap":{"0":{"loc":{"start":{"line":4,"column":11},"end":{"line":4,"column":null}},"type":"binary-expr","locations":[{"start":{"line":4,"column":11},"end":{"line":4,"column":43}},{"start":{"line":4,"column":43},"end":{"line":4,"column":null}}],"line":4},"1":{"loc":{"start":{"line":13,"column":4},"end":{"line":20,"column":null}},"type":"if","locations":[{"start":{"line":13,"column":4},"end":{"line":20,"column":null}},{"start":{},"end":{}}],"line":13},"2":{"loc":{"start":{"line":13,"column":8},"end":{"line":13,"column":60}},"type":"binary-expr","locations":[{"start":{"line":13,"column":8},"end":{"line":13,"column":42}},{"start":{"line":13,"column":42},"end":{"line":13,"column":60}}],"line":13}},"s":{"0":2,"1":2,"2":10,"3":2,"4":2,"5":0,"6":0,"7":0,"8":0,"9":0,"10":0,"11":2},"f":{"0":10,"1":2},"b":{"0":[2,2],"1":[0,2],"2":[2,0]},"meta":{"lastBranch":3,"lastFunction":2,"lastStatement":12,"seen":{"s:3:12:6:Infinity":0,"b:4:11:4:43:4:43:4:Infinity":0,"s:9:0:26:Infinity":1,"f:9:26:9:Infinity":0,"s:10:16:10:Infinity":2,"f:11:2:11:9":1,"s:12:21:12:Infinity":3,"b:13:4:20:Infinity:undefined:undefined:undefined:undefined":1,"s:13:4:20:Infinity":4,"b:13:8:13:42:13:42:13:60":2,"s:14:6:14:Infinity":5,"s:15:6:20:Infinity":6,"s:16:25:16:88":7,"s:17:8:17:Infinity":8,"s:18:8:18:Infinity":9,"s:19:8:19:Infinity":10,"s:24:4:24:Infinity":11}}}
,"/home/qtekfun/repos/habitflow/frontend/src/lib/utils.ts": {"path":"/home/qtekfun/repos/habitflow/frontend/src/lib/utils.ts","statementMap":{"0":{"start":{"line":7,"column":2},"end":{"line":7,"column":null}},"1":{"start":{"line":15,"column":2},"end":{"line":15,"column":null}},"2":{"start":{"line":15,"column":15},"end":{"line":15,"column":null}},"3":{"start":{"line":16,"column":2},"end":{"line":16,"column":null}},"4":{"start":{"line":23,"column":2},"end":{"line":23,"column":null}},"5":{"start":{"line":30,"column":2},"end":{"line":30,"column":null}}},"fnMap":{"0":{"name":"cn","decl":{"start":{"line":6,"column":16},"end":{"line":6,"column":19}},"loc":{"start":{"line":6,"column":52},"end":{"line":7,"column":null}},"line":6},"1":{"name":"formatStreak","decl":{"start":{"line":14,"column":16},"end":{"line":14,"column":29}},"loc":{"start":{"line":14,"column":48},"end":{"line":16,"column":null}},"line":14},"2":{"name":"formatDate","decl":{"start":{"line":22,"column":16},"end":{"line":22,"column":27}},"loc":{"start":{"line":22,"column":52},"end":{"line":23,"column":null}},"line":22},"3":{"name":"isToday","decl":{"start":{"line":29,"column":16},"end":{"line":29,"column":24}},"loc":{"start":{"line":29,"column":50},"end":{"line":30,"column":null}},"line":29}},"branchMap":{"0":{"loc":{"start":{"line":15,"column":2},"end":{"line":15,"column":null}},"type":"if","locations":[{"start":{"line":15,"column":2},"end":{"line":15,"column":null}},{"start":{},"end":{}}],"line":15}},"s":{"0":11,"1":15,"2":5,"3":10,"4":3,"5":3},"f":{"0":11,"1":15,"2":3,"3":3},"b":{"0":[5,10]},"meta":{"lastBranch":1,"lastFunction":4,"lastStatement":6,"seen":{"f:6:16:6:19":0,"s:7:2:7:Infinity":0,"f:14:16:14:29":1,"b:15:2:15:Infinity:undefined:undefined:undefined:undefined":0,"s:15:2:15:Infinity":1,"s:15:15:15:Infinity":2,"s:16:2:16:Infinity":3,"f:22:16:22:27":2,"s:23:2:23:Infinity":4,"f:29:16:29:24":3,"s:30:2:30:Infinity":5}}}
}
